H:\Д Л Я   У Ч Е Б Ы\Decomposer\Сборка v3 2010\Decomp_expv3_wa\TEST.sch
NewSignal "IN_0"=>0
NewSignal "IN_1"=>1
NewSignal "IN_2"=>2
NewSignal "IN_3"=>3
NewSignal "XLXN_5"=>4
NewSignal "XLXN_6"=>5
NewSignal "XLXN_7"=>6
NewSignal "IN_4"=>7
NewSignal "OUT_0"=>8
NewSignal "OUT_1"=>9
DefineSchInputTo 0   *IN_0*
DefineSchInputTo 1   *IN_1*
DefineSchInputTo 2   *IN_2*
DefineSchInputTo 3   *IN_3*
DefineSchInputTo 7   *IN_4*
DefineSchOutputTo 8   *OUT_0*
DefineSchOutputTo 9   *OUT_1*
DefineBlock(XLXI_1,and2b1)
In(0): 3   *IN_3*
In(1): 2   *IN_2*
Out: 5   *XLXN_6*
DefineBlock(XLXI_2,and2b2)
In(0): 7   *IN_4*
In(1): 5   *XLXN_6*
Out: 9   *OUT_1*
DefineBlock(XLXI_3,and2)
In(0): 1   *IN_1*
In(1): 0   *IN_0*
Out: 6   *XLXN_7*
DefineBlock(XLXI_4,or2)
In(0): 5   *XLXN_6*
In(1): 6   *XLXN_7*
Out: 8   *OUT_0*
=====================================
InitSCH(5x32)
SortByWeights:
0:0
1:1
2:2
3:3
4:7
SORTED:
0:0
1:1
2:2
3:3
4:7
ENDSORT
XLXN[0]==============================
01010101010101010101010101010101
XLXN[1]==============================
00110011001100110011001100110011
XLXN[2]==============================
00001111000011110000111100001111
XLXN[3]==============================
00000000111111110000000011111111
XLXN[7]==============================
00000000000000001111111111111111
=====================================
Test(XLXI_1)[
00000000111111110000000011111111
00001111000011110000111100001111
]
{Logic:and InvO:0 Ins:2 InvIns:1}
XLXN[5]:=00001111000000000000111100000000
Test(XLXI_2)[
00000000000000001111111111111111
00001111000000000000111100000000
]
{Logic:and InvO:0 Ins:2 InvIns:2}
XLXN[9]:=11110000111111110000000000000000
Test(XLXI_3)[
00110011001100110011001100110011
01010101010101010101010101010101
]
{Logic:and InvO:0 Ins:2 InvIns:0}
XLXN[6]:=00010001000100010001000100010001
Test(XLXI_4)[
00001111000000000000111100000000
00010001000100010001000100010001
]
{Logic:or InvO:0 Ins:2 InvIns:0}
XLXN[8]:=00011111000100010001111100010001
=====================================
XLXN[8]==============================
00011111000100010001111100010001
XLXN[9]==============================
11110000111111110000000000000000
=====================================
11132222111311130002222200020002
